<?xml version="1.0" encoding="UTF-8"?>
<testng-results ignored="0" total="1" passed="1" failed="0" skipped="0">
  <reporter-output>
    <line>
      <![CDATA[Login is successful]]>
    </line>
  </reporter-output>
  <suite started-at="2021-11-16T12:03:06 IST" name="Test Automation" finished-at="2021-11-16T12:03:18 IST" duration-ms="12013">
    <groups>
    </groups>
    <test started-at="2021-11-16T12:03:06 IST" name="Test Chrome" finished-at="2021-11-16T12:03:18 IST" duration-ms="12013">
      <class name="com.qa.testscript.TC_001_MercuryloginPage">
        <test-method is-config="true" signature="setUp(java.lang.String,java.lang.String)[pri:0, instance:com.qa.testscript.TC_001_MercuryloginPage@6cd28fa7]" started-at="2021-11-16T12:03:06 IST" name="setUp" finished-at="2021-11-16T12:03:11 IST" duration-ms="4964" status="PASS">
          <params>
            <param index="0">
              <value>
                <![CDATA[Chrome]]>
              </value>
            </param>
            <param index="1">
              <value>
                <![CDATA[http://demo.guru99.com/test/newtours/]]>
              </value>
            </param>
          </params>
          <reporter-output>
          </reporter-output>
        </test-method> <!-- setUp -->
        <test-method signature="Login()[pri:0, instance:com.qa.testscript.TC_001_MercuryloginPage@6cd28fa7]" started-at="2021-11-16T12:03:11 IST" name="Login" finished-at="2021-11-16T12:03:18 IST" duration-ms="6765" status="PASS">
          <reporter-output>
            <line>
              <![CDATA[Login is successful]]>
            </line>
          </reporter-output>
        </test-method> <!-- Login -->
        <test-method is-config="true" signature="tearDown()[pri:0, instance:com.qa.testscript.TC_001_MercuryloginPage@6cd28fa7]" started-at="2021-11-16T12:03:18 IST" name="tearDown" finished-at="2021-11-16T12:03:18 IST" duration-ms="67" status="PASS">
          <reporter-output>
          </reporter-output>
        </test-method> <!-- tearDown -->
      </class> <!-- com.qa.testscript.TC_001_MercuryloginPage -->
    </test> <!-- Test Chrome -->
  </suite> <!-- Test Automation -->
</testng-results>
